# JRE version: 6.0_28-b28
# Java VM: OpenJDK 64-Bit Server VM (23.25-b01 mixed mode linux-amd64 compressed oops)
Heap
 PSYoungGen      total 37568K, used 19264K [0x00000000f2200000, 0x00000000f5170000, 0x0000000100000000)
  eden space 35776K, 48% used [0x00000000f2200000,0x00000000f3317d68,0x00000000f44f0000)
  from space 1792K, 98% used [0x00000000f4610000,0x00000000f47c84e0,0x00000000f47d0000)
  to   space 6400K, 0% used [0x00000000f4b30000,0x00000000f4b30000,0x00000000f5170000)
 ParOldGen       total 54528K, used 32860K [0x00000000d6600000, 0x00000000d9b40000, 0x00000000f2200000)
  object space 54528K, 60% used [0x00000000d6600000,0x00000000d86170c8,0x00000000d9b40000)
 PSPermGen       total 54976K, used 28344K [0x00000000cc000000, 0x00000000cf5b0000, 0x00000000d6600000)
  object space 54976K, 51% used [0x00000000cc000000,0x00000000cdbae250,0x00000000cf5b0000)
GC Heap History (10 events):
Event: 5327.591 GC heap before
{Heap before GC invocations=55 (full 2):
 PSYoungGen      total 47552K, used 44946K [0x00000000f2200000, 0x00000000f5930000, 0x0000000100000000)
  eden space 42176K, 100% used [0x00000000f2200000,0x00000000f4b30000,0x00000000f4b30000)
  from space 5376K, 51% used [0x00000000f53f0000,0x00000000f56a4818,0x00000000f5930000)
  to   space 7168K, 0% used [0x00000000f4b30000,0x00000000f4b30000,0x00000000f5230000)
 ParOldGen       total 54528K, used 32708K [0x00000000d6600000, 0x00000000d9b40000, 0x00000000f2200000)
  object space 54528K, 59% used [0x00000000d6600000,0x00000000d85f10c8,0x00000000d9b40000)
 PSPermGen       total 54976K, used 28293K [0x00000000cc000000, 0x00000000cf5b0000, 0x00000000d6600000)
  object space 54976K, 51% used [0x00000000cc000000,0x00000000cdba1480,0x00000000cf5b0000)
Event: 5327.596 GC heap after
Heap after GC invocations=55 (full 2):
 PSYoungGen      total 43584K, used 2802K [0x00000000f2200000, 0x00000000f5730000, 0x0000000100000000)
  eden space 40768K, 0% used [0x00000000f2200000,0x00000000f2200000,0x00000000f49d0000)
  from space 2816K, 99% used [0x00000000f4b30000,0x00000000f4dec818,0x00000000f4df0000)
  to   space 6848K, 0% used [0x00000000f5080000,0x00000000f5080000,0x00000000f5730000)
 ParOldGen       total 54528K, used 32716K [0x00000000d6600000, 0x00000000d9b40000, 0x00000000f2200000)
  object space 54528K, 59% used [0x00000000d6600000,0x00000000d85f30c8,0x00000000d9b40000)
 PSPermGen       total 54976K, used 28293K [0x00000000cc000000, 0x00000000cf5b0000, 0x00000000d6600000)
  object space 54976K, 51% used [0x00000000cc000000,0x00000000cdba1480,0x00000000cf5b0000)
}
Event: 5363.008 GC heap before
{Heap before GC invocations=56 (full 2):
 PSYoungGen      total 43584K, used 43570K [0x00000000f2200000, 0x00000000f5730000, 0x0000000100000000)
  eden space 40768K, 100% used [0x00000000f2200000,0x00000000f49d0000,0x00000000f49d0000)
  from space 2816K, 99% used [0x00000000f4b30000,0x00000000f4dec818,0x00000000f4df0000)
  to   space 6848K, 0% used [0x00000000f5080000,0x00000000f5080000,0x00000000f5730000)
 ParOldGen       total 54528K, used 32716K [0x00000000d6600000, 0x00000000d9b40000, 0x00000000f2200000)
  object space 54528K, 59% used [0x00000000d6600000,0x00000000d85f30c8,0x00000000d9b40000)
 PSPermGen       total 54976K, used 28297K [0x00000000cc000000, 0x00000000cf5b0000, 0x00000000d6600000)
  object space 54976K, 51% used [0x00000000cc000000,0x00000000cdba2610,0x00000000cf5b0000)
Event: 5363.011 GC heap after
Heap after GC invocations=56 (full 2):
 PSYoungGen      total 44416K, used 2277K [0x00000000f2200000, 0x00000000f5560000, 0x0000000100000000)
  eden space 39424K, 0% used [0x00000000f2200000,0x00000000f2200000,0x00000000f4880000)
  from space 4992K, 45% used [0x00000000f5080000,0x00000000f52b95b0,0x00000000f5560000)
  to   space 6592K, 0% used [0x00000000f4880000,0x00000000f4880000,0x00000000f4ef0000)
 ParOldGen       total 54528K, used 32724K [0x00000000d6600000, 0x00000000d9b40000, 0x00000000f2200000)
  object space 54528K, 60% used [0x00000000d6600000,0x00000000d85f50c8,0x00000000d9b40000)
 PSPermGen       total 54976K, used 28297K [0x00000000cc000000, 0x00000000cf5b0000, 0x00000000d6600000)
  object space 54976K, 51% used [0x00000000cc000000,0x00000000cdba2610,0x00000000cf5b0000)
}
Event: 5594.815 GC heap before
{Heap before GC invocations=57 (full 2):
 PSYoungGen      total 44416K, used 41701K [0x00000000f2200000, 0x00000000f5560000, 0x0000000100000000)
  eden space 39424K, 100% used [0x00000000f2200000,0x00000000f4880000,0x00000000f4880000)
  from space 4992K, 45% used [0x00000000f5080000,0x00000000f52b95b0,0x00000000f5560000)
  to   space 6592K, 0% used [0x00000000f4880000,0x00000000f4880000,0x00000000f4ef0000)
 ParOldGen       total 54528K, used 32724K [0x00000000d6600000, 0x00000000d9b40000, 0x00000000f2200000)
  object space 54528K, 60% used [0x00000000d6600000,0x00000000d85f50c8,0x00000000d9b40000)
 PSPermGen       total 54976K, used 28302K [0x00000000cc000000, 0x00000000cf5b0000, 0x00000000d6600000)
  object space 54976K, 51% used [0x00000000cc000000,0x00000000cdba38c8,0x00000000cf5b0000)
Event: 5594.817 GC heap after
Heap after GC invocations=57 (full 2):
 PSYoungGen      total 38912K, used 736K [0x00000000f2200000, 0x00000000f5440000, 0x0000000100000000)
  eden space 38144K, 0% used [0x00000000f2200000,0x00000000f2200000,0x00000000f4740000)
  from space 768K, 95% used [0x00000000f4880000,0x00000000f4938050,0x00000000f4940000)
  to   space 6656K, 0% used [0x00000000f4dc0000,0x00000000f4dc0000,0x00000000f5440000)
 ParOldGen       total 54528K, used 32836K [0x00000000d6600000, 0x00000000d9b40000, 0x00000000f2200000)
  object space 54528K, 60% used [0x00000000d6600000,0x00000000d86110c8,0x00000000d9b40000)
 PSPermGen       total 54976K, used 28302K [0x00000000cc000000, 0x00000000cf5b0000, 0x00000000d6600000)
  object space 54976K, 51% used [0x00000000cc000000,0x00000000cdba38c8,0x00000000cf5b0000)
}
Event: 5897.222 GC heap before
{Heap before GC invocations=58 (full 2):
 PSYoungGen      total 38912K, used 38880K [0x00000000f2200000, 0x00000000f5440000, 0x0000000100000000)
  eden space 38144K, 100% used [0x00000000f2200000,0x00000000f4740000,0x00000000f4740000)
  from space 768K, 95% used [0x00000000f4880000,0x00000000f4938050,0x00000000f4940000)
  to   space 6656K, 0% used [0x00000000f4dc0000,0x00000000f4dc0000,0x00000000f5440000)
 ParOldGen       total 54528K, used 32836K [0x00000000d6600000, 0x00000000d9b40000, 0x00000000f2200000)
  object space 54528K, 60% used [0x00000000d6600000,0x00000000d86110c8,0x00000000d9b40000)
 PSPermGen       total 54976K, used 28323K [0x00000000cc000000, 0x00000000cf5b0000, 0x00000000d6600000)
  object space 54976K, 51% used [0x00000000cc000000,0x00000000cdba8e68,0x00000000cf5b0000)
Event: 5897.224 GC heap after
Heap after GC invocations=58 (full 2):
 PSYoungGen      total 42368K, used 672K [0x00000000f2200000, 0x00000000f5310000, 0x0000000100000000)
  eden space 36928K, 0% used [0x00000000f2200000,0x00000000f2200000,0x00000000f4610000)
  from space 5440K, 12% used [0x00000000f4dc0000,0x00000000f4e68050,0x00000000f5310000)
  to   space 6656K, 0% used [0x00000000f4610000,0x00000000f4610000,0x00000000f4c90000)
 ParOldGen       total 54528K, used 32860K [0x00000000d6600000, 0x00000000d9b40000, 0x00000000f2200000)
  object space 54528K, 60% used [0x00000000d6600000,0x00000000d86170c8,0x00000000d9b40000)
 PSPermGen       total 54976K, used 28323K [0x00000000cc000000, 0x00000000cf5b0000, 0x00000000d6600000)
  object space 54976K, 51% used [0x00000000cc000000,0x00000000cdba8e68,0x00000000cf5b0000)
}
Event: 5983.487 GC heap before
{Heap before GC invocations=59 (full 2):
 PSYoungGen      total 42368K, used 37600K [0x00000000f2200000, 0x00000000f5310000, 0x0000000100000000)
  eden space 36928K, 100% used [0x00000000f2200000,0x00000000f4610000,0x00000000f4610000)
  from space 5440K, 12% used [0x00000000f4dc0000,0x00000000f4e68050,0x00000000f5310000)
  to   space 6656K, 0% used [0x00000000f4610000,0x00000000f4610000,0x00000000f4c90000)
 ParOldGen       total 54528K, used 32860K [0x00000000d6600000, 0x00000000d9b40000, 0x00000000f2200000)
  object space 54528K, 60% used [0x00000000d6600000,0x00000000d86170c8,0x00000000d9b40000)
 PSPermGen       total 54976K, used 28337K [0x00000000cc000000, 0x00000000cf5b0000, 0x00000000d6600000)
  object space 54976K, 51% used [0x00000000cc000000,0x00000000cdbac728,0x00000000cf5b0000)
Event: 5983.490 GC heap after
Heap after GC invocations=59 (full 2):
 PSYoungGen      total 37568K, used 1761K [0x00000000f2200000, 0x00000000f5170000, 0x0000000100000000)
  eden space 35776K, 0% used [0x00000000f2200000,0x00000000f2200000,0x00000000f44f0000)
  from space 1792K, 98% used [0x00000000f4610000,0x00000000f47c84e0,0x00000000f47d0000)
  to   space 6400K, 0% used [0x00000000f4b30000,0x00000000f4b30000,0x00000000f5170000)
 ParOldGen       total 54528K, used 32860K [0x00000000d6600000, 0x00000000d9b40000, 0x00000000f2200000)
  object space 54528K, 60% used [0x00000000d6600000,0x00000000d86170c8,0x00000000d9b40000)
 PSPermGen       total 54976K, used 28337K [0x00000000cc000000, 0x00000000cf5b0000, 0x00000000d6600000)
  object space 54976K, 51% used [0x00000000cc000000,0x00000000cdbac728,0x00000000cf5b0000)
}

