# JRE version: 6.0_28-b28
# Java VM: OpenJDK 64-Bit Server VM (23.25-b01 mixed mode linux-amd64 compressed oops)
Heap
 PSYoungGen      total 54720K, used 42984K [0x00000000f2200000, 0x00000000f6330000, 0x0000000100000000)
  eden space 49088K, 76% used [0x00000000f2200000,0x00000000f4689868,0x00000000f51f0000)
  from space 5632K, 98% used [0x00000000f53f0000,0x00000000f5960a98,0x00000000f5970000)
  to   space 8832K, 0% used [0x00000000f5a90000,0x00000000f5a90000,0x00000000f6330000)
 ParOldGen       total 59264K, used 42676K [0x00000000d6600000, 0x00000000d9fe0000, 0x00000000f2200000)
  object space 59264K, 72% used [0x00000000d6600000,0x00000000d8fad398,0x00000000d9fe0000)
 PSPermGen       total 60160K, used 28213K [0x00000000cc000000, 0x00000000cfac0000, 0x00000000d6600000)
  object space 60160K, 46% used [0x00000000cc000000,0x00000000cdb8d578,0x00000000cfac0000)
GC Heap History (10 events):
Event: 994.129 GC heap before
{Heap before GC invocations=38 (full 3):
 PSYoungGen      total 67712K, used 63840K [0x00000000f2200000, 0x00000000f7050000, 0x0000000100000000)
  eden space 60352K, 99% used [0x00000000f2200000,0x00000000f5c7b298,0x00000000f5cf0000)
  from space 7360K, 53% used [0x00000000f6920000,0x00000000f6cfcde0,0x00000000f7050000)
  to   space 9920K, 0% used [0x00000000f5cf0000,0x00000000f5cf0000,0x00000000f66a0000)
 ParOldGen       total 59264K, used 42556K [0x00000000d6600000, 0x00000000d9fe0000, 0x00000000f2200000)
  object space 59264K, 71% used [0x00000000d6600000,0x00000000d8f8f398,0x00000000d9fe0000)
 PSPermGen       total 60160K, used 28201K [0x00000000cc000000, 0x00000000cfac0000, 0x00000000d6600000)
  object space 60160K, 46% used [0x00000000cc000000,0x00000000cdb8a6c8,0x00000000cfac0000)
Event: 994.132 GC heap after
Heap after GC invocations=38 (full 3):
 PSYoungGen      total 62144K, used 4257K [0x00000000f2200000, 0x00000000f6dc0000, 0x0000000100000000)
  eden space 57856K, 0% used [0x00000000f2200000,0x00000000f2200000,0x00000000f5a80000)
  from space 4288K, 99% used [0x00000000f5cf0000,0x00000000f61187a0,0x00000000f6120000)
  to   space 9856K, 0% used [0x00000000f6420000,0x00000000f6420000,0x00000000f6dc0000)
 ParOldGen       total 59264K, used 42564K [0x00000000d6600000, 0x00000000d9fe0000, 0x00000000f2200000)
  object space 59264K, 71% used [0x00000000d6600000,0x00000000d8f91398,0x00000000d9fe0000)
 PSPermGen       total 60160K, used 28201K [0x00000000cc000000, 0x00000000cfac0000, 0x00000000d6600000)
  object space 60160K, 46% used [0x00000000cc000000,0x00000000cdb8a6c8,0x00000000cfac0000)
}
Event: 1002.808 GC heap before
{Heap before GC invocations=39 (full 3):
 PSYoungGen      total 62144K, used 62113K [0x00000000f2200000, 0x00000000f6dc0000, 0x0000000100000000)
  eden space 57856K, 100% used [0x00000000f2200000,0x00000000f5a80000,0x00000000f5a80000)
  from space 4288K, 99% used [0x00000000f5cf0000,0x00000000f61187a0,0x00000000f6120000)
  to   space 9856K, 0% used [0x00000000f6420000,0x00000000f6420000,0x00000000f6dc0000)
 ParOldGen       total 59264K, used 42564K [0x00000000d6600000, 0x00000000d9fe0000, 0x00000000f2200000)
  object space 59264K, 71% used [0x00000000d6600000,0x00000000d8f91398,0x00000000d9fe0000)
 PSPermGen       total 60160K, used 28203K [0x00000000cc000000, 0x00000000cfac0000, 0x00000000d6600000)
  object space 60160K, 46% used [0x00000000cc000000,0x00000000cdb8af68,0x00000000cfac0000)
Event: 1002.812 GC heap after
Heap after GC invocations=39 (full 3):
 PSYoungGen      total 62464K, used 5058K [0x00000000f2200000, 0x00000000f6af0000, 0x0000000100000000)
  eden space 55488K, 0% used [0x00000000f2200000,0x00000000f2200000,0x00000000f5830000)
  from space 6976K, 72% used [0x00000000f6420000,0x00000000f6910a38,0x00000000f6af0000)
  to   space 9600K, 0% used [0x00000000f5830000,0x00000000f5830000,0x00000000f6190000)
 ParOldGen       total 59264K, used 42572K [0x00000000d6600000, 0x00000000d9fe0000, 0x00000000f2200000)
  object space 59264K, 71% used [0x00000000d6600000,0x00000000d8f93398,0x00000000d9fe0000)
 PSPermGen       total 60160K, used 28203K [0x00000000cc000000, 0x00000000cfac0000, 0x00000000d6600000)
  object space 60160K, 46% used [0x00000000cc000000,0x00000000cdb8af68,0x00000000cfac0000)
}
Event: 1011.151 GC heap before
{Heap before GC invocations=40 (full 3):
 PSYoungGen      total 62464K, used 60546K [0x00000000f2200000, 0x00000000f6af0000, 0x0000000100000000)
  eden space 55488K, 100% used [0x00000000f2200000,0x00000000f5830000,0x00000000f5830000)
  from space 6976K, 72% used [0x00000000f6420000,0x00000000f6910a38,0x00000000f6af0000)
  to   space 9600K, 0% used [0x00000000f5830000,0x00000000f5830000,0x00000000f6190000)
 ParOldGen       total 59264K, used 42572K [0x00000000d6600000, 0x00000000d9fe0000, 0x00000000f2200000)
  object space 59264K, 71% used [0x00000000d6600000,0x00000000d8f93398,0x00000000d9fe0000)
 PSPermGen       total 60160K, used 28206K [0x00000000cc000000, 0x00000000cfac0000, 0x00000000d6600000)
  object space 60160K, 46% used [0x00000000cc000000,0x00000000cdb8b980,0x00000000cfac0000)
Event: 1011.155 GC heap after
Heap after GC invocations=40 (full 3):
 PSYoungGen      total 58368K, used 5090K [0x00000000f2200000, 0x00000000f6840000, 0x0000000100000000)
  eden space 53248K, 0% used [0x00000000f2200000,0x00000000f2200000,0x00000000f5600000)
  from space 5120K, 99% used [0x00000000f5830000,0x00000000f5d28a38,0x00000000f5d30000)
  to   space 9344K, 0% used [0x00000000f5f20000,0x00000000f5f20000,0x00000000f6840000)
 ParOldGen       total 59264K, used 42580K [0x00000000d6600000, 0x00000000d9fe0000, 0x00000000f2200000)
  object space 59264K, 71% used [0x00000000d6600000,0x00000000d8f95398,0x00000000d9fe0000)
 PSPermGen       total 60160K, used 28206K [0x00000000cc000000, 0x00000000cfac0000, 0x00000000d6600000)
  object space 60160K, 46% used [0x00000000cc000000,0x00000000cdb8b980,0x00000000cfac0000)
}
Event: 1021.124 GC heap before
{Heap before GC invocations=41 (full 3):
 PSYoungGen      total 58368K, used 58293K [0x00000000f2200000, 0x00000000f6840000, 0x0000000100000000)
  eden space 53248K, 99% used [0x00000000f2200000,0x00000000f55f4bb0,0x00000000f5600000)
  from space 5120K, 99% used [0x00000000f5830000,0x00000000f5d28a38,0x00000000f5d30000)
  to   space 9344K, 0% used [0x00000000f5f20000,0x00000000f5f20000,0x00000000f6840000)
 ParOldGen       total 59264K, used 42580K [0x00000000d6600000, 0x00000000d9fe0000, 0x00000000f2200000)
  object space 59264K, 71% used [0x00000000d6600000,0x00000000d8f95398,0x00000000d9fe0000)
 PSPermGen       total 60160K, used 28209K [0x00000000cc000000, 0x00000000cfac0000, 0x00000000d6600000)
  object space 60160K, 46% used [0x00000000cc000000,0x00000000cdb8c650,0x00000000cfac0000)
Event: 1021.128 GC heap after
Heap after GC invocations=41 (full 3):
 PSYoungGen      total 57984K, used 5026K [0x00000000f2200000, 0x00000000f65d0000, 0x0000000100000000)
  eden space 51136K, 0% used [0x00000000f2200000,0x00000000f2200000,0x00000000f53f0000)
  from space 6848K, 73% used [0x00000000f5f20000,0x00000000f6408a38,0x00000000f65d0000)
  to   space 9152K, 0% used [0x00000000f53f0000,0x00000000f53f0000,0x00000000f5ce0000)
 ParOldGen       total 59264K, used 42596K [0x00000000d6600000, 0x00000000d9fe0000, 0x00000000f2200000)
  object space 59264K, 71% used [0x00000000d6600000,0x00000000d8f99398,0x00000000d9fe0000)
 PSPermGen       total 60160K, used 28209K [0x00000000cc000000, 0x00000000cfac0000, 0x00000000d6600000)
  object space 60160K, 46% used [0x00000000cc000000,0x00000000cdb8c650,0x00000000cfac0000)
}
Event: 1029.134 GC heap before
{Heap before GC invocations=42 (full 3):
 PSYoungGen      total 57984K, used 56079K [0x00000000f2200000, 0x00000000f65d0000, 0x0000000100000000)
  eden space 51136K, 99% used [0x00000000f2200000,0x00000000f53db550,0x00000000f53f0000)
  from space 6848K, 73% used [0x00000000f5f20000,0x00000000f6408a38,0x00000000f65d0000)
  to   space 9152K, 0% used [0x00000000f53f0000,0x00000000f53f0000,0x00000000f5ce0000)
 ParOldGen       total 59264K, used 42596K [0x00000000d6600000, 0x00000000d9fe0000, 0x00000000f2200000)
  object space 59264K, 71% used [0x00000000d6600000,0x00000000d8f99398,0x00000000d9fe0000)
 PSPermGen       total 60160K, used 28210K [0x00000000cc000000, 0x00000000cfac0000, 0x00000000d6600000)
  object space 60160K, 46% used [0x00000000cc000000,0x00000000cdb8c818,0x00000000cfac0000)
Event: 1029.139 GC heap after
Heap after GC invocations=42 (full 3):
 PSYoungGen      total 54720K, used 5570K [0x00000000f2200000, 0x00000000f6330000, 0x0000000100000000)
  eden space 49088K, 0% used [0x00000000f2200000,0x00000000f2200000,0x00000000f51f0000)
  from space 5632K, 98% used [0x00000000f53f0000,0x00000000f5960a98,0x00000000f5970000)
  to   space 8832K, 0% used [0x00000000f5a90000,0x00000000f5a90000,0x00000000f6330000)
 ParOldGen       total 59264K, used 42676K [0x00000000d6600000, 0x00000000d9fe0000, 0x00000000f2200000)
  object space 59264K, 72% used [0x00000000d6600000,0x00000000d8fad398,0x00000000d9fe0000)
 PSPermGen       total 60160K, used 28210K [0x00000000cc000000, 0x00000000cfac0000, 0x00000000d6600000)
  object space 60160K, 46% used [0x00000000cc000000,0x00000000cdb8c818,0x00000000cfac0000)
}

