# JRE version: 6.0_28-b28
# Java VM: OpenJDK 64-Bit Server VM (23.25-b01 mixed mode linux-amd64 compressed oops)
Heap
 PSYoungGen      total 93312K, used 80173K [0x00000000f2200000, 0x00000000f9810000, 0x0000000100000000)
  eden space 73920K, 94% used [0x00000000f2200000,0x00000000f6687a68,0x00000000f6a30000)
  from space 19392K, 51% used [0x00000000f8520000,0x00000000f8ee3b78,0x00000000f9810000)
  to   space 23488K, 0% used [0x00000000f6a30000,0x00000000f6a30000,0x00000000f8120000)
 ParOldGen       total 33664K, used 27019K [0x00000000d6600000, 0x00000000d86e0000, 0x00000000f2200000)
  object space 33664K, 80% used [0x00000000d6600000,0x00000000d8062f68,0x00000000d86e0000)
 PSPermGen       total 44608K, used 28297K [0x00000000cc000000, 0x00000000ceb90000, 0x00000000d6600000)
  object space 44608K, 63% used [0x00000000cc000000,0x00000000cdba2568,0x00000000ceb90000)
GC Heap History (10 events):
Event: 1137.088 GC heap before
{Heap before GC invocations=25 (full 1):
 PSYoungGen      total 110528K, used 110374K [0x00000000f2200000, 0x00000000fb000000, 0x0000000100000000)
  eden space 92672K, 99% used [0x00000000f2200000,0x00000000f7c60230,0x00000000f7c80000)
  from space 17856K, 99% used [0x00000000f80c0000,0x00000000f9229770,0x00000000f9230000)
  to   space 26368K, 0% used [0x00000000f9640000,0x00000000f9640000,0x00000000fb000000)
 ParOldGen       total 33664K, used 24325K [0x00000000d6600000, 0x00000000d86e0000, 0x00000000f2200000)
  object space 33664K, 72% used [0x00000000d6600000,0x00000000d7dc17a0,0x00000000d86e0000)
 PSPermGen       total 44608K, used 28118K [0x00000000cc000000, 0x00000000ceb90000, 0x00000000d6600000)
  object space 44608K, 63% used [0x00000000cc000000,0x00000000cdb75960,0x00000000ceb90000)
Event: 1137.096 GC heap after
Heap after GC invocations=25 (full 1):
 PSYoungGen      total 109312K, used 11153K [0x00000000f2200000, 0x00000000faa90000, 0x0000000100000000)
  eden space 88512K, 0% used [0x00000000f2200000,0x00000000f2200000,0x00000000f7870000)
  from space 20800K, 53% used [0x00000000f9640000,0x00000000fa124560,0x00000000faa90000)
  to   space 25664K, 0% used [0x00000000f7870000,0x00000000f7870000,0x00000000f9180000)
 ParOldGen       total 33664K, used 25615K [0x00000000d6600000, 0x00000000d86e0000, 0x00000000f2200000)
  object space 33664K, 76% used [0x00000000d6600000,0x00000000d7f03d18,0x00000000d86e0000)
 PSPermGen       total 44608K, used 28118K [0x00000000cc000000, 0x00000000ceb90000, 0x00000000d6600000)
  object space 44608K, 63% used [0x00000000cc000000,0x00000000cdb75960,0x00000000ceb90000)
}
Event: 1639.150 GC heap before
{Heap before GC invocations=26 (full 1):
 PSYoungGen      total 109312K, used 99665K [0x00000000f2200000, 0x00000000faa90000, 0x0000000100000000)
  eden space 88512K, 100% used [0x00000000f2200000,0x00000000f7870000,0x00000000f7870000)
  from space 20800K, 53% used [0x00000000f9640000,0x00000000fa124560,0x00000000faa90000)
  to   space 25664K, 0% used [0x00000000f7870000,0x00000000f7870000,0x00000000f9180000)
 ParOldGen       total 33664K, used 25615K [0x00000000d6600000, 0x00000000d86e0000, 0x00000000f2200000)
  object space 33664K, 76% used [0x00000000d6600000,0x00000000d7f03d18,0x00000000d86e0000)
 PSPermGen       total 44608K, used 28138K [0x00000000cc000000, 0x00000000ceb90000, 0x00000000d6600000)
  object space 44608K, 63% used [0x00000000cc000000,0x00000000cdb7a888,0x00000000ceb90000)
Event: 1639.156 GC heap after
Heap after GC invocations=26 (full 1):
 PSYoungGen      total 94656K, used 10036K [0x00000000f2200000, 0x00000000fa5a0000, 0x0000000100000000)
  eden space 84608K, 0% used [0x00000000f2200000,0x00000000f2200000,0x00000000f74a0000)
  from space 10048K, 99% used [0x00000000f7870000,0x00000000f823d1c0,0x00000000f8240000)
  to   space 25088K, 0% used [0x00000000f8d20000,0x00000000f8d20000,0x00000000fa5a0000)
 ParOldGen       total 33664K, used 25631K [0x00000000d6600000, 0x00000000d86e0000, 0x00000000f2200000)
  object space 33664K, 76% used [0x00000000d6600000,0x00000000d7f07d18,0x00000000d86e0000)
 PSPermGen       total 44608K, used 28138K [0x00000000cc000000, 0x00000000ceb90000, 0x00000000d6600000)
  object space 44608K, 63% used [0x00000000cc000000,0x00000000cdb7a888,0x00000000ceb90000)
}
Event: 4993.309 GC heap before
{Heap before GC invocations=27 (full 1):
 PSYoungGen      total 94656K, used 94644K [0x00000000f2200000, 0x00000000fa5a0000, 0x0000000100000000)
  eden space 84608K, 100% used [0x00000000f2200000,0x00000000f74a0000,0x00000000f74a0000)
  from space 10048K, 99% used [0x00000000f7870000,0x00000000f823d1c0,0x00000000f8240000)
  to   space 25088K, 0% used [0x00000000f8d20000,0x00000000f8d20000,0x00000000fa5a0000)
 ParOldGen       total 33664K, used 25631K [0x00000000d6600000, 0x00000000d86e0000, 0x00000000f2200000)
  object space 33664K, 76% used [0x00000000d6600000,0x00000000d7f07d18,0x00000000d86e0000)
 PSPermGen       total 44608K, used 28245K [0x00000000cc000000, 0x00000000ceb90000, 0x00000000d6600000)
  object space 44608K, 63% used [0x00000000cc000000,0x00000000cdb95430,0x00000000ceb90000)
Event: 4993.315 GC heap after
Heap after GC invocations=27 (full 1):
 PSYoungGen      total 101888K, used 8023K [0x00000000f2200000, 0x00000000fa1a0000, 0x0000000100000000)
  eden space 80896K, 0% used [0x00000000f2200000,0x00000000f2200000,0x00000000f7100000)
  from space 20992K, 38% used [0x00000000f8d20000,0x00000000f94f5d30,0x00000000fa1a0000)
  to   space 24896K, 0% used [0x00000000f7100000,0x00000000f7100000,0x00000000f8950000)
 ParOldGen       total 33664K, used 26995K [0x00000000d6600000, 0x00000000d86e0000, 0x00000000f2200000)
  object space 33664K, 80% used [0x00000000d6600000,0x00000000d805cf68,0x00000000d86e0000)
 PSPermGen       total 44608K, used 28245K [0x00000000cc000000, 0x00000000ceb90000, 0x00000000d6600000)
  object space 44608K, 63% used [0x00000000cc000000,0x00000000cdb95430,0x00000000ceb90000)
}
Event: 5005.348 GC heap before
{Heap before GC invocations=28 (full 1):
 PSYoungGen      total 101888K, used 88919K [0x00000000f2200000, 0x00000000fa1a0000, 0x0000000100000000)
  eden space 80896K, 100% used [0x00000000f2200000,0x00000000f7100000,0x00000000f7100000)
  from space 20992K, 38% used [0x00000000f8d20000,0x00000000f94f5d30,0x00000000fa1a0000)
  to   space 24896K, 0% used [0x00000000f7100000,0x00000000f7100000,0x00000000f8950000)
 ParOldGen       total 33664K, used 26995K [0x00000000d6600000, 0x00000000d86e0000, 0x00000000f2200000)
  object space 33664K, 80% used [0x00000000d6600000,0x00000000d805cf68,0x00000000d86e0000)
 PSPermGen       total 44608K, used 28246K [0x00000000cc000000, 0x00000000ceb90000, 0x00000000d6600000)
  object space 44608K, 63% used [0x00000000cc000000,0x00000000cdb95b40,0x00000000ceb90000)
Event: 5005.353 GC heap after
Heap after GC invocations=28 (full 1):
 PSYoungGen      total 87168K, used 9801K [0x00000000f2200000, 0x00000000f9cc0000, 0x0000000100000000)
  eden space 77312K, 0% used [0x00000000f2200000,0x00000000f2200000,0x00000000f6d80000)
  from space 9856K, 99% used [0x00000000f7100000,0x00000000f7a92590,0x00000000f7aa0000)
  to   space 24192K, 0% used [0x00000000f8520000,0x00000000f8520000,0x00000000f9cc0000)
 ParOldGen       total 33664K, used 27003K [0x00000000d6600000, 0x00000000d86e0000, 0x00000000f2200000)
  object space 33664K, 80% used [0x00000000d6600000,0x00000000d805ef68,0x00000000d86e0000)
 PSPermGen       total 44608K, used 28246K [0x00000000cc000000, 0x00000000ceb90000, 0x00000000d6600000)
  object space 44608K, 63% used [0x00000000cc000000,0x00000000cdb95b40,0x00000000ceb90000)
}
Event: 5031.315 GC heap before
{Heap before GC invocations=29 (full 1):
 PSYoungGen      total 87168K, used 86823K [0x00000000f2200000, 0x00000000f9cc0000, 0x0000000100000000)
  eden space 77312K, 99% used [0x00000000f2200000,0x00000000f6d37740,0x00000000f6d80000)
  from space 9856K, 99% used [0x00000000f7100000,0x00000000f7a92590,0x00000000f7aa0000)
  to   space 24192K, 0% used [0x00000000f8520000,0x00000000f8520000,0x00000000f9cc0000)
 ParOldGen       total 33664K, used 27003K [0x00000000d6600000, 0x00000000d86e0000, 0x00000000f2200000)
  object space 33664K, 80% used [0x00000000d6600000,0x00000000d805ef68,0x00000000d86e0000)
 PSPermGen       total 44608K, used 28279K [0x00000000cc000000, 0x00000000ceb90000, 0x00000000d6600000)
  object space 44608K, 63% used [0x00000000cc000000,0x00000000cdb9de28,0x00000000ceb90000)
Event: 5031.321 GC heap after
Heap after GC invocations=29 (full 1):
 PSYoungGen      total 93312K, used 9998K [0x00000000f2200000, 0x00000000f9810000, 0x0000000100000000)
  eden space 73920K, 0% used [0x00000000f2200000,0x00000000f2200000,0x00000000f6a30000)
  from space 19392K, 51% used [0x00000000f8520000,0x00000000f8ee3b78,0x00000000f9810000)
  to   space 23488K, 0% used [0x00000000f6a30000,0x00000000f6a30000,0x00000000f8120000)
 ParOldGen       total 33664K, used 27019K [0x00000000d6600000, 0x00000000d86e0000, 0x00000000f2200000)
  object space 33664K, 80% used [0x00000000d6600000,0x00000000d8062f68,0x00000000d86e0000)
 PSPermGen       total 44608K, used 28279K [0x00000000cc000000, 0x00000000ceb90000, 0x00000000d6600000)
  object space 44608K, 63% used [0x00000000cc000000,0x00000000cdb9de28,0x00000000ceb90000)
}

