# JRE version: 6.0_28-b28
# Java VM: OpenJDK 64-Bit Server VM (23.25-b01 mixed mode linux-amd64 compressed oops)
Heap
 PSYoungGen      total 192896K, used 101678K [0x00000000f2200000, 0x0000000100000000, 0x0000000100000000)
  eden space 165120K, 61% used [0x00000000f2200000,0x00000000f854b860,0x00000000fc340000)
  from space 27776K, 0% used [0x00000000fc340000,0x00000000fc340000,0x00000000fde60000)
  to   space 34432K, 0% used [0x00000000fde60000,0x00000000fde60000,0x0000000100000000)
 ParOldGen       total 454656K, used 159986K [0x00000000d6600000, 0x00000000f2200000, 0x00000000f2200000)
  object space 454656K, 35% used [0x00000000d6600000,0x00000000e023c8b0,0x00000000f2200000)
 PSPermGen       total 31360K, used 29192K [0x00000000cc000000, 0x00000000cdea0000, 0x00000000d6600000)
  object space 31360K, 93% used [0x00000000cc000000,0x00000000cdc821f0,0x00000000cdea0000)
GC Heap History (10 events):
Event: 67.403 GC heap before
{Heap before GC invocations=54 (full 19):
 PSYoungGen      total 196416K, used 164072K [0x00000000f2200000, 0x00000000ff9f0000, 0x0000000100000000)
  eden space 170944K, 95% used [0x00000000f2200000,0x00000000fc22a1b8,0x00000000fc8f0000)
  from space 25472K, 0% used [0x00000000fe110000,0x00000000fe120000,0x00000000ff9f0000)
  to   space 24704K, 0% used [0x00000000fc8f0000,0x00000000fc8f0000,0x00000000fe110000)
 ParOldGen       total 454656K, used 223191K [0x00000000d6600000, 0x00000000f2200000, 0x00000000f2200000)
  object space 454656K, 49% used [0x00000000d6600000,0x00000000e3ff5f88,0x00000000f2200000)
 PSPermGen       total 32256K, used 28905K [0x00000000cc000000, 0x00000000cdf80000, 0x00000000d6600000)
  object space 32256K, 89% used [0x00000000cc000000,0x00000000cdc3a540,0x00000000cdf80000)
Event: 67.444 GC heap after
Heap after GC invocations=54 (full 19):
 PSYoungGen      total 195648K, used 16448K [0x00000000f2200000, 0x0000000100000000, 0x0000000100000000)
  eden space 170944K, 0% used [0x00000000f2200000,0x00000000f2200000,0x00000000fc8f0000)
  from space 24704K, 66% used [0x00000000fc8f0000,0x00000000fd900010,0x00000000fe110000)
  to   space 26816K, 0% used [0x00000000fe5d0000,0x00000000fe5d0000,0x0000000100000000)
 ParOldGen       total 454656K, used 321496K [0x00000000d6600000, 0x00000000f2200000, 0x00000000f2200000)
  object space 454656K, 70% used [0x00000000d6600000,0x00000000e9ff60a8,0x00000000f2200000)
 PSPermGen       total 32256K, used 28905K [0x00000000cc000000, 0x00000000cdf80000, 0x00000000d6600000)
  object space 32256K, 89% used [0x00000000cc000000,0x00000000cdc3a540,0x00000000cdf80000)
}
Event: 67.444 GC heap before
{Heap before GC invocations=55 (full 20):
 PSYoungGen      total 195648K, used 16448K [0x00000000f2200000, 0x0000000100000000, 0x0000000100000000)
  eden space 170944K, 0% used [0x00000000f2200000,0x00000000f2200000,0x00000000fc8f0000)
  from space 24704K, 66% used [0x00000000fc8f0000,0x00000000fd900010,0x00000000fe110000)
  to   space 26816K, 0% used [0x00000000fe5d0000,0x00000000fe5d0000,0x0000000100000000)
 ParOldGen       total 454656K, used 321496K [0x00000000d6600000, 0x00000000f2200000, 0x00000000f2200000)
  object space 454656K, 70% used [0x00000000d6600000,0x00000000e9ff60a8,0x00000000f2200000)
 PSPermGen       total 32256K, used 28905K [0x00000000cc000000, 0x00000000cdf80000, 0x00000000d6600000)
  object space 32256K, 89% used [0x00000000cc000000,0x00000000cdc3a540,0x00000000cdf80000)
Event: 67.589 GC heap after
Heap after GC invocations=55 (full 20):
 PSYoungGen      total 195648K, used 0K [0x00000000f2200000, 0x0000000100000000, 0x0000000100000000)
  eden space 170944K, 0% used [0x00000000f2200000,0x00000000f2200000,0x00000000fc8f0000)
  from space 24704K, 0% used [0x00000000fc8f0000,0x00000000fc8f0000,0x00000000fe110000)
  to   space 26816K, 0% used [0x00000000fe5d0000,0x00000000fe5d0000,0x0000000100000000)
 ParOldGen       total 454656K, used 174036K [0x00000000d6600000, 0x00000000f2200000, 0x00000000f2200000)
  object space 454656K, 38% used [0x00000000d6600000,0x00000000e0ff5070,0x00000000f2200000)
 PSPermGen       total 32064K, used 28905K [0x00000000cc000000, 0x00000000cdf50000, 0x00000000d6600000)
  object space 32064K, 90% used [0x00000000cc000000,0x00000000cdc3a540,0x00000000cdf50000)
}
Event: 131.277 GC heap before
{Heap before GC invocations=56 (full 20):
 PSYoungGen      total 195648K, used 134221K [0x00000000f2200000, 0x0000000100000000, 0x0000000100000000)
  eden space 170944K, 78% used [0x00000000f2200000,0x00000000fa513788,0x00000000fc8f0000)
  from space 24704K, 0% used [0x00000000fc8f0000,0x00000000fc8f0000,0x00000000fe110000)
  to   space 26816K, 0% used [0x00000000fe5d0000,0x00000000fe5d0000,0x0000000100000000)
 ParOldGen       total 454656K, used 174036K [0x00000000d6600000, 0x00000000f2200000, 0x00000000f2200000)
  object space 454656K, 38% used [0x00000000d6600000,0x00000000e0ff5070,0x00000000f2200000)
 PSPermGen       total 32064K, used 29169K [0x00000000cc000000, 0x00000000cdf50000, 0x00000000d6600000)
  object space 32064K, 90% used [0x00000000cc000000,0x00000000cdc7c7c0,0x00000000cdf50000)
Event: 131.366 GC heap after
Heap after GC invocations=56 (full 20):
 PSYoungGen      total 191936K, used 23623K [0x00000000f2200000, 0x0000000100000000, 0x0000000100000000)
  eden space 165120K, 0% used [0x00000000f2200000,0x00000000f2200000,0x00000000fc340000)
  from space 26816K, 88% used [0x00000000fe5d0000,0x00000000ffce1d58,0x0000000100000000)
  to   space 31104K, 0% used [0x00000000fc340000,0x00000000fc340000,0x00000000fe1a0000)
 ParOldGen       total 454656K, used 214996K [0x00000000d6600000, 0x00000000f2200000, 0x00000000f2200000)
  object space 454656K, 47% used [0x00000000d6600000,0x00000000e37f50f0,0x00000000f2200000)
 PSPermGen       total 32064K, used 29169K [0x00000000cc000000, 0x00000000cdf50000, 0x00000000d6600000)
  object space 32064K, 90% used [0x00000000cc000000,0x00000000cdc7c7c0,0x00000000cdf50000)
}
Event: 131.525 GC heap before
{Heap before GC invocations=57 (full 20):
 PSYoungGen      total 191936K, used 187660K [0x00000000f2200000, 0x0000000100000000, 0x0000000100000000)
  eden space 165120K, 99% used [0x00000000f2200000,0x00000000fc231310,0x00000000fc340000)
  from space 26816K, 88% used [0x00000000fe5d0000,0x00000000ffce1d58,0x0000000100000000)
  to   space 31104K, 0% used [0x00000000fc340000,0x00000000fc340000,0x00000000fe1a0000)
 ParOldGen       total 454656K, used 214996K [0x00000000d6600000, 0x00000000f2200000, 0x00000000f2200000)
  object space 454656K, 47% used [0x00000000d6600000,0x00000000e37f50f0,0x00000000f2200000)
 PSPermGen       total 32064K, used 29169K [0x00000000cc000000, 0x00000000cdf50000, 0x00000000d6600000)
  object space 32064K, 90% used [0x00000000cc000000,0x00000000cdc7c7e0,0x00000000cdf50000)
Event: 131.645 GC heap after
Heap after GC invocations=57 (full 20):
 PSYoungGen      total 192896K, used 27730K [0x00000000f2200000, 0x0000000100000000, 0x0000000100000000)
  eden space 165120K, 0% used [0x00000000f2200000,0x00000000f2200000,0x00000000fc340000)
  from space 27776K, 99% used [0x00000000fc340000,0x00000000fde54858,0x00000000fde60000)
  to   space 34432K, 0% used [0x00000000fde60000,0x00000000fde60000,0x0000000100000000)
 ParOldGen       total 454656K, used 313300K [0x00000000d6600000, 0x00000000f2200000, 0x00000000f2200000)
  object space 454656K, 68% used [0x00000000d6600000,0x00000000e97f5218,0x00000000f2200000)
 PSPermGen       total 32064K, used 29169K [0x00000000cc000000, 0x00000000cdf50000, 0x00000000d6600000)
  object space 32064K, 90% used [0x00000000cc000000,0x00000000cdc7c7e0,0x00000000cdf50000)
}
Event: 131.645 GC heap before
{Heap before GC invocations=58 (full 21):
 PSYoungGen      total 192896K, used 27730K [0x00000000f2200000, 0x0000000100000000, 0x0000000100000000)
  eden space 165120K, 0% used [0x00000000f2200000,0x00000000f2200000,0x00000000fc340000)
  from space 27776K, 99% used [0x00000000fc340000,0x00000000fde54858,0x00000000fde60000)
  to   space 34432K, 0% used [0x00000000fde60000,0x00000000fde60000,0x0000000100000000)
 ParOldGen       total 454656K, used 313300K [0x00000000d6600000, 0x00000000f2200000, 0x00000000f2200000)
  object space 454656K, 68% used [0x00000000d6600000,0x00000000e97f5218,0x00000000f2200000)
 PSPermGen       total 32064K, used 29169K [0x00000000cc000000, 0x00000000cdf50000, 0x00000000d6600000)
  object space 32064K, 90% used [0x00000000cc000000,0x00000000cdc7c7e0,0x00000000cdf50000)
Event: 131.810 GC heap after
Heap after GC invocations=58 (full 21):
 PSYoungGen      total 192896K, used 0K [0x00000000f2200000, 0x0000000100000000, 0x0000000100000000)
  eden space 165120K, 0% used [0x00000000f2200000,0x00000000f2200000,0x00000000fc340000)
  from space 27776K, 0% used [0x00000000fc340000,0x00000000fc340000,0x00000000fde60000)
  to   space 34432K, 0% used [0x00000000fde60000,0x00000000fde60000,0x0000000100000000)
 ParOldGen       total 454656K, used 159986K [0x00000000d6600000, 0x00000000f2200000, 0x00000000f2200000)
  object space 454656K, 35% used [0x00000000d6600000,0x00000000e023c8b0,0x00000000f2200000)
 PSPermGen       total 31360K, used 29169K [0x00000000cc000000, 0x00000000cdea0000, 0x00000000d6600000)
  object space 31360K, 93% used [0x00000000cc000000,0x00000000cdc7c508,0x00000000cdea0000)
}

